   1              	# file: lab06p4.s
   2              	
   3              	.include "macros.inc"
   1              	# file: macros.inc
   2              	
  34              	  .list
   4              	
   5              	  SET_TARGET
   6              	
   7              	  .text
   8              	
   9              	  .equ GPIOD_BASE,0x40020c00
  10              	  .equ GPIO_MODER,0x00
  11              	  .equ GPIO_ODR,0x14
  12              	
  13              	  FUNCTION main,global
  14              	
  15 0000 F0B5     	    push {r4,r5,r6,r7,lr}
  16              	
  17 0002 194C     	    ldr  r4,=GPIOD_BASE
  18 0004 194A     	    ldr  r2,=(0b01010101<<(2*12))
  19 0006 2260     	    str  r2,[r4,#GPIO_MODER] 
  20 0008 194D     	    ldr  r5,=#0
  21 000a 1A4E     	    ldr  r6,=(1<<15)
  22 000c DFF868A0 	    ldr  r10,=(1<<14)
  23 0010 DFF868B0 	    ldr  r11,=(1<<13)
  24 0014 DFF868C0 	    ldr  r12,=(1<<12)
  25              	
  26              	    loop:
  27 0018 C4F814B0 	    str  r11,[r4,#GPIO_ODR]
  28 001c 1948     	    ldr r0,=#1000000
  29 001e 00F033F8 	    bl delay
  30              	    
  31 0022 6561     	    str  r5,[r4,#GPIO_ODR]
  32 0024 1748     	    ldr  r0,=#1000000
  33 0026 00F02FF8 	    bl delay
  34              	    
  35 002a C4F814A0 	    str  r10,[r4,#GPIO_ODR]
  36 002e 1548     	    ldr r0,=#1000000
  37 0030 00F02AF8 	    bl delay
  38              	    
  39 0034 6561     	    str  r5,[r4,#GPIO_ODR]
  40 0036 1348     	    ldr  r0,=#1000000
  41 0038 00F026F8 	    bl delay
  42              	    
  43 003c 6661     	    str  r6,[r4,#GPIO_ODR]
  44 003e 1148     	    ldr r0,=#1000000
  45 0040 00F022F8 	    bl delay
  46              	
  47 0044 6561     	    str  r5,[r4,#GPIO_ODR]
  48 0046 0F48     	    ldr  r0,=#1000000
  49 0048 00F01EF8 	    bl delay
  50              	
  51 004c C4F814C0 	    str  r12,[r4,#GPIO_ODR]
  52 0050 0C48     	    ldr r0,=#1000000
  53 0052 00F019F8 	    bl delay
  54              	
  55 0056 6561     	    str  r5,[r4,#GPIO_ODR]
  56 0058 0A48     	    ldr  r0,=#1000000
  57 005a 00F015F8 	    bl delay
  58 005e DBE7     	    b loop
  59              	    
  60              	    all_done:
  61              	    
  62 0060 BDE8F040 	    pop {r4,r5,r6,r7,lr}
  63              	
  64 0064 7047     	    bx lr
  65              	  
  66 0066 0000000C 	  ENDFUNC main
  66      02400000 
  66      00550000 
  66      00000080 
  66      00000040 
  67              	  
  68              	  FUNCTION delay
  69              	
  70 0088 4FF00003 	    mov r3,#0
  71              	
  72              	    delay_loop:
  73              	
  74 008c A0F10100 	        sub r0,#1
  75 0090 9842     	        cmp r0,r3
  76 0092 FBDA     	        bge delay_loop 
  77              	
  78 0094 7047     	    bx lr
  79              	   
  80              	  ENDFUNC delay
  81              	  
  82 0096 00BF     	  .data
  83              	
  84              	  .end
DEFINED SYMBOLS
                            *ABS*:00000001 ctxm4
       src/lab06p4.s:9      *ABS*:40020c00 GPIOD_BASE
       src/lab06p4.s:10     *ABS*:00000000 GPIO_MODER
       src/lab06p4.s:11     *ABS*:00000014 GPIO_ODR
       src/lab06p4.s:13     .text:00000000 main
       src/lab06p4.s:13     .text:00000000 $t
       src/lab06p4.s:26     .text:00000018 loop
       src/lab06p4.s:68     .text:00000088 delay
       src/lab06p4.s:60     .text:00000060 all_done
       src/lab06p4.s:66     .text:00000066 $d
       src/lab06p4.s:68     .text:00000088 $t
       src/lab06p4.s:72     .text:0000008c delay_loop
                   .debug_aranges:0000000c $d

NO UNDEFINED SYMBOLS
